<?xml version="1.0" encoding="UTF-8"?>
<!-- Generated by org.testng.reporters.JUnitReportReporter -->
<testsuite hostname="DESKTOP-P7FBSD2" failures="0" tests="4" name="Training.CalculatorAPI.TestMultiplication" time="0.008" errors="0" timestamp="2021-04-21T17:30:16 IST" skipped="0">
  <testcase classname="Training.CalculatorAPI.TestMultiplication" name="TestMultiplicationWithPositiveValues" time="0.002"/>
  <system-out/>
  <testcase classname="Training.CalculatorAPI.TestMultiplication" name="TestMultiplicationWithPositiveValues" time="0.001"/>
  <system-out/>
  <testcase classname="Training.CalculatorAPI.TestMultiplication" name="TestMultiplicationWithPositiveValues" time="0.002"/>
  <system-out/>
  <testcase classname="Training.CalculatorAPI.TestMultiplication" name="TestMultiplicationWithPositiveValues" time="0.003"/>
  <system-out/>
</testsuite> <!-- Training.CalculatorAPI.TestMultiplication -->
