<?xml version="1.0" encoding="UTF-8"?>
<!-- Generated by org.testng.reporters.JUnitReportReporter -->
<testsuite hostname="DESKTOP-P7FBSD2" failures="0" tests="3" name="CalculatorAPICICDDemo.AdditionTestCases" time="0.049" errors="0" timestamp="2021-05-15T10:03:46 IST" skipped="0">
  <testcase classname="CalculatorAPICICDDemo.AdditionTestCases" name="TestAdditionWithPositiveNumbers" time="0.022"/>
  <system-out/>
  <testcase classname="CalculatorAPICICDDemo.AdditionTestCases" name="TestAdditionWithOnePositiveOneNegative" time="0.006"/>
  <system-out/>
  <testcase classname="CalculatorAPICICDDemo.AdditionTestCases" name="TestAdditionwithZeroNumbers" time="0.021"/>
  <system-out/>
</testsuite> <!-- CalculatorAPICICDDemo.AdditionTestCases -->
