<?xml version="1.0" encoding="UTF-8"?>
<!-- Generated by org.testng.reporters.JUnitReportReporter -->
<testsuite hostname="DESKTOP-P7FBSD2" failures="0" tests="2" name="Training.CalculatorAPI.TestDivisionFunctionality" time="0.003" errors="0" timestamp="2021-04-21T17:30:04 IST" skipped="0">
  <testcase classname="Training.CalculatorAPI.TestDivisionFunctionality" name="TestDivisionWithPositiveValues" time="0.001"/>
  <system-out/>
  <testcase classname="Training.CalculatorAPI.TestDivisionFunctionality" name="TestDivisionWithNegativeValues" time="0.002"/>
  <system-out/>
</testsuite> <!-- Training.CalculatorAPI.TestDivisionFunctionality -->
