<?xml version="1.0" encoding="UTF-8"?>
<!-- Generated by org.testng.reporters.JUnitReportReporter -->
<testsuite hostname="DESKTOP-P7FBSD2" failures="0" tests="1" name="Training.CalculatorAPI.TestingSubtractionTestCases" time="0.001" errors="0" timestamp="2021-04-21T17:30:04 IST" skipped="0">
  <testcase classname="Training.CalculatorAPI.TestingSubtractionTestCases" name="TestSubtractionWithPositiveNumbers" time="0.001"/>
  <system-out/>
</testsuite> <!-- Training.CalculatorAPI.TestingSubtractionTestCases -->
