<?xml version="1.0" encoding="UTF-8"?>
<!-- Generated by org.testng.reporters.JUnitReportReporter -->
<testsuite hostname="DESKTOP-P7FBSD2" failures="0" tests="3" name="Training.CalculatorAPI.AdditionTestCases" time="0.007" errors="0" timestamp="2021-04-21T17:30:04 IST" skipped="0">
  <testcase classname="Training.CalculatorAPI.AdditionTestCases" name="TestAdditionWithPositiveNumbers" time="0.005"/>
  <system-out/>
  <testcase classname="Training.CalculatorAPI.AdditionTestCases" name="TestAdditionWithOnePositiveOneNegative" time="0.000"/>
  <system-out/>
  <testcase classname="Training.CalculatorAPI.AdditionTestCases" name="TestAdditionwithZeroNumbers" time="0.002"/>
  <system-out/>
</testsuite> <!-- Training.CalculatorAPI.AdditionTestCases -->
